<?xml version="1.0" encoding="UTF-8"?>
<!-- Generated by org.testng.reporters.JUnitReportReporter -->
<testsuite hostname="LAPTOP-A1J62A9F" failures="0" tests="3" name="tests.LoginPageTest" time="1.020" errors="0" timestamp="2025-07-25T10:17:09 IST" skipped="0">
  <testcase classname="tests.LoginPageTest" name="getPageTitleTest" time="0.020"/>
  <system-out/>
  <testcase classname="tests.LoginPageTest" name="loginPageUrlTest" time="0.031"/>
  <system-out/>
  <testcase classname="tests.LoginPageTest" name="loginTest" time="0.969"/>
  <system-out/>
</testsuite> <!-- tests.LoginPageTest -->
