<?xml version="1.0" encoding="UTF-8"?>
<!-- Generated by org.testng.reporters.JUnitReportReporter -->
<testsuite hostname="LAPTOP-A1J62A9F" failures="0" tests="3" name="tests.LoginPageTest2" time="4.916" errors="0" timestamp="2025-07-25T09:58:27 IST" skipped="0">
  <testcase classname="tests.LoginPageTest2" name="loginPageUrlTest" time="0.023"/>
  <system-out/>
  <testcase classname="tests.LoginPageTest2" name="getPageTitleTest" time="0.022"/>
  <system-out/>
  <testcase classname="tests.LoginPageTest2" name="loginTest" time="4.871"/>
  <system-out/>
</testsuite> <!-- tests.LoginPageTest2 -->
