<?xml version="1.0" encoding="UTF-8"?>
<!-- Generated by org.testng.reporters.JUnitReportReporter -->
<testsuite hostname="LAPTOP-A1J62A9F" failures="0" tests="4" name="com.qa.opencart.tests.AccountPageTest" time="0.537" errors="0" timestamp="2025-07-25T15:06:50 IST" skipped="0">
  <testcase classname="com.qa.opencart.tests.AccountPageTest" name="accPageHeadersList" time="0.114"/>
  <system-out/>
  <testcase classname="com.qa.opencart.tests.AccountPageTest" name="accPageTitleTest" time="0.007"/>
  <system-out/>
  <testcase classname="com.qa.opencart.tests.AccountPageTest" name="isLogoutLinkExistTest" time="0.311"/>
  <system-out/>
  <testcase classname="com.qa.opencart.tests.AccountPageTest" name="accPageHeadersCountTest" time="0.105"/>
  <system-out/>
</testsuite> <!-- com.qa.opencart.tests.AccountPageTest -->
